<?xml version="1.0" encoding="UTF-8"?>
<testsuite xmlns:xsi="http://www.w3.org/2001/XMLSchema-instance" xsi:noNamespaceSchemaLocation="https://maven.apache.org/surefire/maven-surefire-plugin/xsd/surefire-test-report-3.0.xsd" version="3.0" name="com.biblioteca.BibliotecaTest" time="0.203" tests="18" errors="0" skipped="0" failures="0">
  <properties>
[...]
</properties>
  <testcase name="testPrestarLibro_LibroDisponible_DebeQuedarNoDisponible" classname="com.biblioteca.BibliotecaTest" time="0.047"/>
  <testcase name="testDevolverLibro_LibroInexistente_DebeLanzarExcepcion" classname="com.biblioteca.BibliotecaTest" time="0.003"/>
  <testcase name="testBuscarPorIsbn_LibroInexistente_DebeRetornarOptionalVacio" classname="com.biblioteca.BibliotecaTest" time="0.003"/>
  <testcase name="testListarDisponibles_SoloDebeRetornarLibrosDisponibles" classname="com.biblioteca.BibliotecaTest" time="0.004"/>
  <testcase name="testPrestarLibro_LibroYaPrestado_DebeLanzarExcepcion" classname="com.biblioteca.BibliotecaTest" time="0.002"/>
  <testcase name="testRegistrarLibro_ConIsbnNulo_DebeLanzarExcepcion" classname="com.biblioteca.BibliotecaTest" time="0.002"/>
  <testcase name="testBuscarPorIsbn_LibroExistente_DebeRetornarLibro" classname="com.biblioteca.BibliotecaTest" time="0.005"/>
  <testcase name="testDevolverLibro_LibroPrestado_DebeQuedarDisponible" classname="com.biblioteca.BibliotecaTest" time="0.002"/>
  <testcase name="testPrestarLibro_LibroInexistente_DebeLanzarExcepcion" classname="com.biblioteca.BibliotecaTest" time="0.003"/>
  <testcase name="testPrestarLibroAUsuario_Exitoso" classname="com.biblioteca.BibliotecaTest" time="0.003"/>
  <testcase name="testDevolverLibro_LibroYaDisponible_DebeLanzarExcepcion" classname="com.biblioteca.BibliotecaTest" time="0.003"/>
  <testcase name="testBuscarPorTitulo_CoincidenciaParcialYCaseInsensitive_DebeRetornarLista" classname="com.biblioteca.BibliotecaTest" time="0.002"/>
  <testcase name="testPrestarLibroAUsuario_LimiteTresLibros_DebeLanzarExcepcion" classname="com.biblioteca.BibliotecaTest" time="0.004"/>
  <testcase name="testRegistrarLibro_DebeGuardarLibroYQuedarDisponible" classname="com.biblioteca.BibliotecaTest" time="0.001"/>
  <testcase name="testRegistrarLibro_ConIsbnVacio_DebeLanzarExcepcion" classname="com.biblioteca.BibliotecaTest" time="0.001"/>
  <testcase name="testRegistrarLibro_ConIsbnDuplicado_DebeLanzarExcepcion" classname="com.biblioteca.BibliotecaTest" time="0.005"/>
  <testcase name="testRegistrarLibro_ConTituloVacioOLlenoDeEspacios_DebeLanzarExcepcion" classname="com.biblioteca.BibliotecaTest" time="0.002"/>
  <testcase name="testPrestarLibroAUsuario_UsuarioInexistente_DebeLanzarExcepcion" classname="com.biblioteca.BibliotecaTest" time="0.003"/>
</testsuite>